android/app/build/intermediates/manifest_merge_blame_file/release/manifest-merger-blame-release-report.txt
1<?xml version="1.0" encoding="utf-8"?>
2<!--
3 <manifest xmlns:android="http://schemas.android.com/apk/res/android"
4  xmlns:tools="http://schemas.android.com/tools"
5  package="com.fab.fabpropertiesEnterprise">
6-->
7<manifest xmlns:android="http://schemas.android.com/apk/res/android"
8    package="com.fab.fabpropertiesEnterprise"
9    android:versionCode="40"
10    android:versionName="1.0.19" >
11
12    <uses-sdk
13        android:minSdkVersion="23"
14        android:targetSdkVersion="34" />
15
16    <uses-permission android:name="android.permission.INTERNET" />
16-->src/main/AndroidManifest.xml:6:3-65
16-->src/main/AndroidManifest.xml:6:20-62
17    <uses-permission android:name="android.permission.ACCESS_NETWORK_STATE" />
17-->src/main/AndroidManifest.xml:7:3-77
17-->src/main/AndroidManifest.xml:7:20-74
18    <!--
19  adding this for
20  unregister DNS*
21    -->
22    <uses-permission android:name="android.permission.USE_FINGERPRINT" />
22-->src/main/AndroidManifest.xml:9:3-72
22-->src/main/AndroidManifest.xml:9:20-69
23    <uses-permission android:name="android.permission.FOREGROUND_SERVICE" />
23-->src/main/AndroidManifest.xml:10:3-75
23-->src/main/AndroidManifest.xml:10:20-72
24    <!--
25  <uses-permission android:name="android.permission.READ_EXTERNAL_STORAGE" />
26  <uses-permission android:name="android.permission.WRITE_EXTERNAL_STORAGE" />
27    -->
28    <uses-permission android:name="android.permission.CAMERA" />
28-->src/main/AndroidManifest.xml:13:3-63
28-->src/main/AndroidManifest.xml:13:20-60
29
30    <queries>
30-->[:file_picker] AndroidManifest.xml:7:5-13:15
31        <intent>
31-->[:file_picker] AndroidManifest.xml:8:9-12:18
32            <action android:name="android.intent.action.GET_CONTENT" />
32-->[:file_picker] AndroidManifest.xml:9:13-72
32-->[:file_picker] AndroidManifest.xml:9:21-69
33
34            <data android:mimeType="*/*" />
34-->[:file_picker] AndroidManifest.xml:11:13-44
34-->[:file_picker] AndroidManifest.xml:11:19-41
35        </intent>
36        <intent>
36-->[:flutter_downloader] AndroidManifest.xml:9:9-11:18
37            <action android:name="android.intent.action.VIEW" />
37-->[:flutter_downloader] AndroidManifest.xml:10:13-65
37-->[:flutter_downloader] AndroidManifest.xml:10:21-62
38        </intent> <!-- Needs to be explicitly declared on Android R+ -->
39        <package android:name="com.google.android.apps.maps" />
39-->[com.google.android.gms:play-services-maps:18.2.0] AndroidManifest.xml:33:9-64
39-->[com.google.android.gms:play-services-maps:18.2.0] AndroidManifest.xml:33:18-61
40    </queries>
41
42    <uses-permission android:name="android.permission.WAKE_LOCK" /> <!-- Permissions options for the `notification` group -->
42-->[:firebase_messaging] AndroidManifest.xml:8:5-68
42-->[:firebase_messaging] AndroidManifest.xml:8:22-65
43    <uses-permission android:name="android.permission.POST_NOTIFICATIONS" />
43-->[:firebase_messaging] AndroidManifest.xml:11:5-77
43-->[:firebase_messaging] AndroidManifest.xml:11:22-74
44    <uses-permission android:name="android.permission.VIBRATE" />
44-->[:flutter_local_notifications] AndroidManifest.xml:7:5-66
44-->[:flutter_local_notifications] AndroidManifest.xml:7:22-63
45    <uses-permission android:name="android.permission.USE_BIOMETRIC" /> <!-- Required by older versions of Google Play services to create IID tokens -->
45-->[:local_auth_android] AndroidManifest.xml:7:5-72
45-->[:local_auth_android] AndroidManifest.xml:7:22-69
46    <uses-permission android:name="com.google.android.c2dm.permission.RECEIVE" />
46-->[com.google.firebase:firebase-messaging:23.4.1] AndroidManifest.xml:26:5-82
46-->[com.google.firebase:firebase-messaging:23.4.1] AndroidManifest.xml:26:22-79
47    <uses-permission android:name="android.permission.ACCESS_ADSERVICES_ATTRIBUTION" />
47-->[com.google.android.gms:play-services-measurement-api:21.6.1] AndroidManifest.xml:26:5-88
47-->[com.google.android.gms:play-services-measurement-api:21.6.1] AndroidManifest.xml:26:22-85
48    <uses-permission android:name="android.permission.ACCESS_ADSERVICES_AD_ID" />
48-->[com.google.android.gms:play-services-measurement-api:21.6.1] AndroidManifest.xml:27:5-82
48-->[com.google.android.gms:play-services-measurement-api:21.6.1] AndroidManifest.xml:27:22-79
49    <uses-permission android:name="android.permission.RECEIVE_BOOT_COMPLETED" />
49-->[androidx.work:work-runtime:2.9.0] AndroidManifest.xml:25:5-81
49-->[androidx.work:work-runtime:2.9.0] AndroidManifest.xml:25:22-78
50
51    <uses-feature
51-->[com.google.android.gms:play-services-maps:18.2.0] AndroidManifest.xml:26:5-28:35
52        android:glEsVersion="0x00020000"
52-->[com.google.android.gms:play-services-maps:18.2.0] AndroidManifest.xml:27:9-41
53        android:required="true" />
53-->[com.google.android.gms:play-services-maps:18.2.0] AndroidManifest.xml:28:9-32
54
55    <uses-permission android:name="com.google.android.finsky.permission.BIND_GET_INSTALL_REFERRER_SERVICE" />
55-->[com.google.android.gms:play-services-measurement:21.6.1] AndroidManifest.xml:26:5-110
55-->[com.google.android.gms:play-services-measurement:21.6.1] AndroidManifest.xml:26:22-107
56    <uses-permission android:name="com.google.android.providers.gsf.permission.READ_GSERVICES" />
56-->[com.google.android.recaptcha:recaptcha:18.4.0] AndroidManifest.xml:9:5-98
56-->[com.google.android.recaptcha:recaptcha:18.4.0] AndroidManifest.xml:9:22-95
57
58    <permission
58-->[androidx.core:core:1.13.1] AndroidManifest.xml:22:5-24:47
59        android:name="com.fab.fabpropertiesEnterprise.DYNAMIC_RECEIVER_NOT_EXPORTED_PERMISSION"
59-->[androidx.core:core:1.13.1] AndroidManifest.xml:23:9-81
60        android:protectionLevel="signature" />
60-->[androidx.core:core:1.13.1] AndroidManifest.xml:24:9-44
61
62    <uses-permission android:name="com.fab.fabpropertiesEnterprise.DYNAMIC_RECEIVER_NOT_EXPORTED_PERMISSION" /> <!-- <uses-permission android:name="android.permission.READ_EXTERNAL_STORAGE" /> -->
62-->[androidx.core:core:1.13.1] AndroidManifest.xml:26:5-97
62-->[androidx.core:core:1.13.1] AndroidManifest.xml:26:22-94
63    <application
63-->src/main/AndroidManifest.xml:17:3-119:17
64        android:allowBackup="false"
64-->src/main/AndroidManifest.xml:20:5-32
65        android:appComponentFactory="androidx.core.app.CoreComponentFactory"
65-->[androidx.core:core:1.13.1] AndroidManifest.xml:28:18-86
66        android:extractNativeLibs="true"
66-->src/main/AndroidManifest.xml:25:5-37
67        android:fullBackupOnly="false"
67-->src/main/AndroidManifest.xml:21:5-35
68        android:icon="@mipmap/ic_launcher"
68-->src/main/AndroidManifest.xml:23:5-39
69        android:label="FAB Properties"
69-->src/main/AndroidManifest.xml:22:5-35
70        android:theme="@style/AppTheme"
70-->src/main/AndroidManifest.xml:19:5-36
71        android:usesCleartextTraffic="false" >
71-->src/main/AndroidManifest.xml:24:5-41
72        <provider
73            android:name="vn.hunghd.flutterdownloader.DownloadedFileProvider"
73-->src/main/AndroidManifest.xml:28:7-72
74            android:authorities="com.fab.fabpropertiesEnterprise.flutter_downloader.provider"
74-->src/main/AndroidManifest.xml:29:7-73
75            android:exported="false"
75-->src/main/AndroidManifest.xml:30:7-31
76            android:grantUriPermissions="true" >
76-->src/main/AndroidManifest.xml:31:7-41
77
78            <!--
79        <meta-data
80        android:name="android.support.FILE_PROVIDER_PATHS"
81        android:resource="@xml/file_paths" />
82            -->
83        </provider>
84        <!-- Begin FlutterDownloader customization -->
85        <!-- disable default Initializer -->
86        <provider
87            android:name="androidx.startup.InitializationProvider"
87-->src/main/AndroidManifest.xml:39:7-61
88            android:authorities="com.fab.fabpropertiesEnterprise.androidx-startup"
88-->src/main/AndroidManifest.xml:40:7-62
89            android:exported="false" >
89-->src/main/AndroidManifest.xml:41:7-31
90            <meta-data
90-->[androidx.emoji2:emoji2:1.2.0] AndroidManifest.xml:29:13-31:52
91                android:name="androidx.emoji2.text.EmojiCompatInitializer"
91-->[androidx.emoji2:emoji2:1.2.0] AndroidManifest.xml:30:17-75
92                android:value="androidx.startup" />
92-->[androidx.emoji2:emoji2:1.2.0] AndroidManifest.xml:31:17-49
93            <meta-data
93-->[androidx.lifecycle:lifecycle-process:2.7.0] AndroidManifest.xml:29:13-31:52
94                android:name="androidx.lifecycle.ProcessLifecycleInitializer"
94-->[androidx.lifecycle:lifecycle-process:2.7.0] AndroidManifest.xml:30:17-78
95                android:value="androidx.startup" />
95-->[androidx.lifecycle:lifecycle-process:2.7.0] AndroidManifest.xml:31:17-49
96            <meta-data
96-->[androidx.profileinstaller:profileinstaller:1.3.1] AndroidManifest.xml:29:13-31:52
97                android:name="androidx.profileinstaller.ProfileInstallerInitializer"
97-->[androidx.profileinstaller:profileinstaller:1.3.1] AndroidManifest.xml:30:17-85
98                android:value="androidx.startup" />
98-->[androidx.profileinstaller:profileinstaller:1.3.1] AndroidManifest.xml:31:17-49
99        </provider>
100
101        <!-- declare customized Initializer -->
102        <provider
103            android:name="vn.hunghd.flutterdownloader.FlutterDownloaderInitializer"
103-->src/main/AndroidManifest.xml:51:7-78
104            android:authorities="com.fab.fabpropertiesEnterprise.flutter-downloader-init"
104-->src/main/AndroidManifest.xml:52:7-69
105            android:exported="false" >
105-->src/main/AndroidManifest.xml:53:7-31
106
107            <!-- changes this number to configure the maximum number of concurrent tasks -->
108            <meta-data
108-->src/main/AndroidManifest.xml:55:7-57:29
109                android:name="vn.hunghd.flutterdownloader.MAX_CONCURRENT_TASKS"
109-->src/main/AndroidManifest.xml:56:9-72
110                android:value="5" />
110-->src/main/AndroidManifest.xml:57:9-26
111        </provider>
112        <!-- End FlutterDownloader customization -->
113        <!-- Flutter Auto Update -->
114        <provider
115            android:name="androidx.core.content.FileProvider"
115-->src/main/AndroidManifest.xml:62:7-56
116            android:authorities="com.fab.fabpropertiesEnterprise.fileProvider"
116-->src/main/AndroidManifest.xml:63:7-58
117            android:exported="false"
117-->src/main/AndroidManifest.xml:64:7-31
118            android:grantUriPermissions="true" >
118-->src/main/AndroidManifest.xml:65:7-41
119            <meta-data
119-->src/main/AndroidManifest.xml:66:7-69:72
120                android:name="android.support.FILE_PROVIDER_PATHS"
120-->src/main/AndroidManifest.xml:67:9-59
121                android:networkSecurityConfig="@xml/network_security_config"
121-->src/main/AndroidManifest.xml:69:9-69
122                android:resource="@xml/file_paths" />
122-->src/main/AndroidManifest.xml:68:9-43
123            <meta-data
123-->src/main/AndroidManifest.xml:70:7-72:33
124                android:name="firebasePhoneAuthenticationRecaptchaEnabled"
124-->src/main/AndroidManifest.xml:71:9-67
125                android:value="false" />
125-->src/main/AndroidManifest.xml:72:9-30
126            <!-- Flutter Auto Update -->
127        </provider>
128
129        <meta-data
129-->src/main/AndroidManifest.xml:75:5-76:65
130            android:name="com.google.android.geo.API_KEY"
130-->src/main/AndroidManifest.xml:75:16-61
131            android:value="AIzaSyAAF8E606ZPom3ZeVj5nRDFAyjMftelbyg" />
131-->src/main/AndroidManifest.xml:76:7-62
132
133        <activity
133-->src/main/AndroidManifest.xml:77:5-108:16
134            android:name="com.fab.flutterjailbreakdetection.MainActivity"
134-->src/main/AndroidManifest.xml:78:7-35
135            android:configChanges="orientation|keyboardHidden|keyboard|screenSize|smallestScreenSize|locale|layoutDirection|fontScale|screenLayout|density|uiMode"
135-->src/main/AndroidManifest.xml:81:7-157
136            android:exported="true"
136-->src/main/AndroidManifest.xml:84:7-30
137            android:hardwareAccelerated="true"
137-->src/main/AndroidManifest.xml:82:7-41
138            android:launchMode="singleTop"
138-->src/main/AndroidManifest.xml:79:7-37
139            android:theme="@style/LaunchTheme"
139-->src/main/AndroidManifest.xml:80:7-41
140            android:windowSoftInputMode="adjustResize|stateUnspecified" >
140-->src/main/AndroidManifest.xml:83:7-66
141
142            <!--
143           Specifies an Android theme to apply to this Activity as soon as
144                 the Android process has started. This theme is visible to the user
145                 while the Flutter UI initializes. After that, this theme continues
146                 to determine the Window background behind the Flutter UI.
147            -->
148            <meta-data
148-->src/main/AndroidManifest.xml:90:7-93:9
149                android:name="io.flutter.embedding.android.NormalTheme"
149-->src/main/AndroidManifest.xml:91:9-64
150                android:resource="@style/NormalTheme" />
150-->src/main/AndroidManifest.xml:92:9-46
151            <!--
152           Displays an Android View that continues showing the launch screen
153                 Drawable until Flutter paints its first frame, then this splash
154                 screen fades out. A splash screen is useful to avoid any visual
155                 gap between the end of Android's launch screen and the painting of
156                 Flutter's first frame.
157            -->
158            <meta-data
158-->src/main/AndroidManifest.xml:99:7-102:9
159                android:name="io.flutter.embedding.android.SplashScreenDrawable"
159-->src/main/AndroidManifest.xml:100:9-73
160                android:resource="@drawable/launch_background" />
160-->src/main/AndroidManifest.xml:101:9-55
161
162            <intent-filter>
162-->src/main/AndroidManifest.xml:104:7-107:23
163                <action android:name="android.intent.action.MAIN" />
163-->src/main/AndroidManifest.xml:105:9-61
163-->src/main/AndroidManifest.xml:105:17-58
164
165                <category android:name="android.intent.category.LAUNCHER" />
165-->src/main/AndroidManifest.xml:106:9-69
165-->src/main/AndroidManifest.xml:106:19-66
166            </intent-filter>
167        </activity>
168        <activity
168-->src/main/AndroidManifest.xml:109:5-113:16
169            android:name="com.yalantis.ucrop.UCropActivity"
169-->src/main/AndroidManifest.xml:110:7-54
170            android:screenOrientation="portrait"
170-->src/main/AndroidManifest.xml:111:7-43
171            android:theme="@style/Theme.AppCompat.Light.NoActionBar" >
171-->src/main/AndroidManifest.xml:112:7-63
172        </activity>
173        <!--
174         Don't delete the meta-data below.
175             This is used by the Flutter tool to generate GeneratedPluginRegistrant.java
176        -->
177        <meta-data
177-->src/main/AndroidManifest.xml:116:5-118:27
178            android:name="flutterEmbedding"
178-->src/main/AndroidManifest.xml:117:7-38
179            android:value="2" />
179-->src/main/AndroidManifest.xml:118:7-24
180
181        <service
181-->[:firebase_app_check] AndroidManifest.xml:8:9-12:19
182            android:name="com.google.firebase.components.ComponentDiscoveryService"
182-->[:firebase_app_check] AndroidManifest.xml:8:18-89
183            android:directBootAware="true"
183-->[com.google.firebase:firebase-common:20.4.3] AndroidManifest.xml:32:13-43
184            android:exported="false" >
184-->[com.google.firebase:firebase-auth:22.3.1] AndroidManifest.xml:68:13-37
185            <meta-data
185-->[:firebase_app_check] AndroidManifest.xml:9:13-11:85
186                android:name="com.google.firebase.components:io.flutter.plugins.firebase.appcheck.FlutterFirebaseAppRegistrar"
186-->[:firebase_app_check] AndroidManifest.xml:10:17-127
187                android:value="com.google.firebase.components.ComponentRegistrar" />
187-->[:firebase_app_check] AndroidManifest.xml:11:17-82
188            <meta-data
188-->[:firebase_auth] AndroidManifest.xml:9:13-11:85
189                android:name="com.google.firebase.components:io.flutter.plugins.firebase.auth.FlutterFirebaseAuthRegistrar"
189-->[:firebase_auth] AndroidManifest.xml:10:17-124
190                android:value="com.google.firebase.components.ComponentRegistrar" />
190-->[:firebase_auth] AndroidManifest.xml:11:17-82
191            <meta-data
191-->[:firebase_messaging] AndroidManifest.xml:36:13-38:85
192                android:name="com.google.firebase.components:io.flutter.plugins.firebase.messaging.FlutterFirebaseAppRegistrar"
192-->[:firebase_messaging] AndroidManifest.xml:37:17-128
193                android:value="com.google.firebase.components.ComponentRegistrar" />
193-->[:firebase_messaging] AndroidManifest.xml:38:17-82
194            <meta-data
194-->[:firebase_core] AndroidManifest.xml:9:13-11:85
195                android:name="com.google.firebase.components:io.flutter.plugins.firebase.core.FlutterFirebaseCoreRegistrar"
195-->[:firebase_core] AndroidManifest.xml:10:17-124
196                android:value="com.google.firebase.components.ComponentRegistrar" />
196-->[:firebase_core] AndroidManifest.xml:11:17-82
197            <meta-data
197-->[com.google.firebase:firebase-auth:22.3.1] AndroidManifest.xml:69:13-71:85
198                android:name="com.google.firebase.components:com.google.firebase.auth.FirebaseAuthRegistrar"
198-->[com.google.firebase:firebase-auth:22.3.1] AndroidManifest.xml:70:17-109
199                android:value="com.google.firebase.components.ComponentRegistrar" />
199-->[com.google.firebase:firebase-auth:22.3.1] AndroidManifest.xml:71:17-82
200            <meta-data
200-->[com.google.firebase:firebase-appcheck-safetynet:16.1.2] AndroidManifest.xml:27:13-29:85
201                android:name="com.google.firebase.components:com.google.firebase.appcheck.safetynet.FirebaseAppCheckSafetyNetRegistrar"
201-->[com.google.firebase:firebase-appcheck-safetynet:16.1.2] AndroidManifest.xml:28:17-136
202                android:value="com.google.firebase.components.ComponentRegistrar" />
202-->[com.google.firebase:firebase-appcheck-safetynet:16.1.2] AndroidManifest.xml:29:17-82
203            <meta-data
203-->[com.google.firebase:firebase-appcheck-debug:17.1.2] AndroidManifest.xml:25:13-27:85
204                android:name="com.google.firebase.components:com.google.firebase.appcheck.debug.FirebaseAppCheckDebugRegistrar"
204-->[com.google.firebase:firebase-appcheck-debug:17.1.2] AndroidManifest.xml:26:17-128
205                android:value="com.google.firebase.components.ComponentRegistrar" />
205-->[com.google.firebase:firebase-appcheck-debug:17.1.2] AndroidManifest.xml:27:17-82
206            <meta-data
206-->[com.google.firebase:firebase-appcheck-playintegrity:17.1.2] AndroidManifest.xml:25:13-27:85
207                android:name="com.google.firebase.components:com.google.firebase.appcheck.playintegrity.FirebaseAppCheckPlayIntegrityRegistrar"
207-->[com.google.firebase:firebase-appcheck-playintegrity:17.1.2] AndroidManifest.xml:26:17-144
208                android:value="com.google.firebase.components.ComponentRegistrar" />
208-->[com.google.firebase:firebase-appcheck-playintegrity:17.1.2] AndroidManifest.xml:27:17-82
209            <meta-data
209-->[com.google.firebase:firebase-messaging:23.4.1] AndroidManifest.xml:57:13-59:85
210                android:name="com.google.firebase.components:com.google.firebase.messaging.FirebaseMessagingKtxRegistrar"
210-->[com.google.firebase:firebase-messaging:23.4.1] AndroidManifest.xml:58:17-122
211                android:value="com.google.firebase.components.ComponentRegistrar" />
211-->[com.google.firebase:firebase-messaging:23.4.1] AndroidManifest.xml:59:17-82
212            <meta-data
212-->[com.google.firebase:firebase-messaging:23.4.1] AndroidManifest.xml:60:13-62:85
213                android:name="com.google.firebase.components:com.google.firebase.messaging.FirebaseMessagingRegistrar"
213-->[com.google.firebase:firebase-messaging:23.4.1] AndroidManifest.xml:61:17-119
214                android:value="com.google.firebase.components.ComponentRegistrar" />
214-->[com.google.firebase:firebase-messaging:23.4.1] AndroidManifest.xml:62:17-82
215            <meta-data
215-->[com.google.firebase:firebase-appcheck:17.1.2] AndroidManifest.xml:25:13-27:85
216                android:name="com.google.firebase.components:com.google.firebase.appcheck.FirebaseAppCheckKtxRegistrar"
216-->[com.google.firebase:firebase-appcheck:17.1.2] AndroidManifest.xml:26:17-120
217                android:value="com.google.firebase.components.ComponentRegistrar" />
217-->[com.google.firebase:firebase-appcheck:17.1.2] AndroidManifest.xml:27:17-82
218            <meta-data
218-->[com.google.firebase:firebase-appcheck:17.1.2] AndroidManifest.xml:28:13-30:85
219                android:name="com.google.firebase.components:com.google.firebase.appcheck.FirebaseAppCheckRegistrar"
219-->[com.google.firebase:firebase-appcheck:17.1.2] AndroidManifest.xml:29:17-117
220                android:value="com.google.firebase.components.ComponentRegistrar" />
220-->[com.google.firebase:firebase-appcheck:17.1.2] AndroidManifest.xml:30:17-82
221            <meta-data
221-->[com.google.android.gms:play-services-measurement-api:21.6.1] AndroidManifest.xml:37:13-39:85
222                android:name="com.google.firebase.components:com.google.firebase.analytics.connector.internal.AnalyticsConnectorRegistrar"
222-->[com.google.android.gms:play-services-measurement-api:21.6.1] AndroidManifest.xml:38:17-139
223                android:value="com.google.firebase.components.ComponentRegistrar" />
223-->[com.google.android.gms:play-services-measurement-api:21.6.1] AndroidManifest.xml:39:17-82
224            <meta-data
224-->[com.google.firebase:firebase-installations:17.2.0] AndroidManifest.xml:15:13-17:85
225                android:name="com.google.firebase.components:com.google.firebase.installations.FirebaseInstallationsKtxRegistrar"
225-->[com.google.firebase:firebase-installations:17.2.0] AndroidManifest.xml:16:17-130
226                android:value="com.google.firebase.components.ComponentRegistrar" />
226-->[com.google.firebase:firebase-installations:17.2.0] AndroidManifest.xml:17:17-82
227            <meta-data
227-->[com.google.firebase:firebase-installations:17.2.0] AndroidManifest.xml:18:13-20:85
228                android:name="com.google.firebase.components:com.google.firebase.installations.FirebaseInstallationsRegistrar"
228-->[com.google.firebase:firebase-installations:17.2.0] AndroidManifest.xml:19:17-127
229                android:value="com.google.firebase.components.ComponentRegistrar" />
229-->[com.google.firebase:firebase-installations:17.2.0] AndroidManifest.xml:20:17-82
230            <meta-data
230-->[com.google.firebase:firebase-common-ktx:20.4.3] AndroidManifest.xml:12:13-14:85
231                android:name="com.google.firebase.components:com.google.firebase.ktx.FirebaseCommonLegacyRegistrar"
231-->[com.google.firebase:firebase-common-ktx:20.4.3] AndroidManifest.xml:13:17-116
232                android:value="com.google.firebase.components.ComponentRegistrar" />
232-->[com.google.firebase:firebase-common-ktx:20.4.3] AndroidManifest.xml:14:17-82
233            <meta-data
233-->[com.google.firebase:firebase-common:20.4.3] AndroidManifest.xml:35:13-37:85
234                android:name="com.google.firebase.components:com.google.firebase.FirebaseCommonKtxRegistrar"
234-->[com.google.firebase:firebase-common:20.4.3] AndroidManifest.xml:36:17-109
235                android:value="com.google.firebase.components.ComponentRegistrar" />
235-->[com.google.firebase:firebase-common:20.4.3] AndroidManifest.xml:37:17-82
236            <meta-data
236-->[com.google.firebase:firebase-datatransport:18.1.7] AndroidManifest.xml:27:13-29:85
237                android:name="com.google.firebase.components:com.google.firebase.datatransport.TransportRegistrar"
237-->[com.google.firebase:firebase-datatransport:18.1.7] AndroidManifest.xml:28:17-115
238                android:value="com.google.firebase.components.ComponentRegistrar" />
238-->[com.google.firebase:firebase-datatransport:18.1.7] AndroidManifest.xml:29:17-82
239        </service>
240        <service
240-->[:firebase_messaging] AndroidManifest.xml:14:9-17:72
241            android:name="io.flutter.plugins.firebase.messaging.FlutterFirebaseMessagingBackgroundService"
241-->[:firebase_messaging] AndroidManifest.xml:15:13-107
242            android:exported="false"
242-->[:firebase_messaging] AndroidManifest.xml:16:13-37
243            android:permission="android.permission.BIND_JOB_SERVICE" />
243-->[:firebase_messaging] AndroidManifest.xml:17:13-69
244        <service
244-->[:firebase_messaging] AndroidManifest.xml:18:9-24:19
245            android:name="io.flutter.plugins.firebase.messaging.FlutterFirebaseMessagingService"
245-->[:firebase_messaging] AndroidManifest.xml:19:13-97
246            android:exported="false" >
246-->[:firebase_messaging] AndroidManifest.xml:20:13-37
247            <intent-filter>
247-->[:firebase_messaging] AndroidManifest.xml:21:13-23:29
248                <action android:name="com.google.firebase.MESSAGING_EVENT" />
248-->[:firebase_messaging] AndroidManifest.xml:22:17-78
248-->[:firebase_messaging] AndroidManifest.xml:22:25-75
249            </intent-filter>
250        </service>
251
252        <receiver
252-->[:firebase_messaging] AndroidManifest.xml:26:9-33:20
253            android:name="io.flutter.plugins.firebase.messaging.FlutterFirebaseMessagingReceiver"
253-->[:firebase_messaging] AndroidManifest.xml:27:13-98
254            android:exported="true"
254-->[:firebase_messaging] AndroidManifest.xml:28:13-36
255            android:permission="com.google.android.c2dm.permission.SEND" >
255-->[:firebase_messaging] AndroidManifest.xml:29:13-73
256            <intent-filter>
256-->[:firebase_messaging] AndroidManifest.xml:30:13-32:29
257                <action android:name="com.google.android.c2dm.intent.RECEIVE" />
257-->[:firebase_messaging] AndroidManifest.xml:31:17-81
257-->[:firebase_messaging] AndroidManifest.xml:31:25-78
258            </intent-filter>
259        </receiver>
260
261        <provider
261-->[:firebase_messaging] AndroidManifest.xml:41:9-45:38
262            android:name="io.flutter.plugins.firebase.messaging.FlutterFirebaseMessagingInitProvider"
262-->[:firebase_messaging] AndroidManifest.xml:42:13-102
263            android:authorities="com.fab.fabpropertiesEnterprise.flutterfirebasemessaginginitprovider"
263-->[:firebase_messaging] AndroidManifest.xml:43:13-88
264            android:exported="false"
264-->[:firebase_messaging] AndroidManifest.xml:44:13-37
265            android:initOrder="99" />
265-->[:firebase_messaging] AndroidManifest.xml:45:13-35
266        <provider
266-->[:image_picker_android] AndroidManifest.xml:9:9-17:20
267            android:name="io.flutter.plugins.imagepicker.ImagePickerFileProvider"
267-->[:image_picker_android] AndroidManifest.xml:10:13-82
268            android:authorities="com.fab.fabpropertiesEnterprise.flutter.image_provider"
268-->[:image_picker_android] AndroidManifest.xml:11:13-74
269            android:exported="false"
269-->[:image_picker_android] AndroidManifest.xml:12:13-37
270            android:grantUriPermissions="true" >
270-->[:image_picker_android] AndroidManifest.xml:13:13-47
271            <meta-data
271-->src/main/AndroidManifest.xml:66:7-69:72
272                android:name="android.support.FILE_PROVIDER_PATHS"
272-->src/main/AndroidManifest.xml:67:9-59
273                android:resource="@xml/flutter_image_picker_file_paths" />
273-->src/main/AndroidManifest.xml:68:9-43
274        </provider> <!-- Trigger Google Play services to install the backported photo picker module. -->
275        <service
275-->[:image_picker_android] AndroidManifest.xml:19:9-31:19
276            android:name="com.google.android.gms.metadata.ModuleDependencies"
276-->[:image_picker_android] AndroidManifest.xml:20:13-78
277            android:enabled="false"
277-->[:image_picker_android] AndroidManifest.xml:21:13-36
278            android:exported="false" >
278-->[:image_picker_android] AndroidManifest.xml:22:13-37
279            <intent-filter>
279-->[:image_picker_android] AndroidManifest.xml:24:13-26:29
280                <action android:name="com.google.android.gms.metadata.MODULE_DEPENDENCIES" />
280-->[:image_picker_android] AndroidManifest.xml:25:17-94
280-->[:image_picker_android] AndroidManifest.xml:25:25-91
281            </intent-filter>
282
283            <meta-data
283-->[:image_picker_android] AndroidManifest.xml:28:13-30:36
284                android:name="photopicker_activity:0:required"
284-->[:image_picker_android] AndroidManifest.xml:29:17-63
285                android:value="" />
285-->[:image_picker_android] AndroidManifest.xml:30:17-33
286        </service>
287
288        <provider
288-->[:open_file_android] AndroidManifest.xml:9:9-19:20
289            android:name="com.crazecoder.openfile.FileProvider"
289-->[:open_file_android] AndroidManifest.xml:10:13-64
290            android:authorities="com.fab.fabpropertiesEnterprise.fileProvider.com.crazecoder.openfile"
290-->[:open_file_android] AndroidManifest.xml:11:13-88
291            android:exported="false"
291-->[:open_file_android] AndroidManifest.xml:12:13-37
292            android:grantUriPermissions="true"
292-->[:open_file_android] AndroidManifest.xml:13:13-47
293            android:requestLegacyExternalStorage="true" >
293-->[:open_file_android] AndroidManifest.xml:14:13-56
294            <meta-data
294-->src/main/AndroidManifest.xml:66:7-69:72
295                android:name="android.support.FILE_PROVIDER_PATHS"
295-->src/main/AndroidManifest.xml:67:9-59
296                android:resource="@xml/filepaths" />
296-->src/main/AndroidManifest.xml:68:9-43